[03:35:45] [Datafixer Bootstrap/INFO]: 198 Datafixer optimizations took 64 milliseconds
[03:35:46] [Render thread/INFO]: Environment: Environment[sessionHost=https://sessionserver.mojang.com, servicesHost=https://api.minecraftservices.com, name=PROD]
[03:35:46] [Render thread/INFO]: Setting user: FelipeMaion
[03:35:46] [Render thread/INFO]: Backend library: LWJGL version 3.3.2+13
[03:35:47] [Render thread/INFO]: Reloading ResourceManager: vanilla
[03:35:47] [Worker-Main-1/INFO]: Found unifont_all_no_pua-15.1.04.hex, loading
[03:35:47] [Worker-Main-7/WARN]: File minecraft:sounds/mob/wolf/armor_equip1.ogg does not exist, cannot add it to event minecraft:entity.wolf.armor_equip
[03:35:47] [Worker-Main-7/WARN]: File minecraft:sounds/mob/wolf/armor_equip1.ogg does not exist, cannot add it to event minecraft:entity.wolf.armor_equip
[03:35:47] [Worker-Main-7/WARN]: File minecraft:sounds/mob/wolf/armor_equip2.ogg does not exist, cannot add it to event minecraft:entity.wolf.armor_equip
[03:35:47] [Worker-Main-7/WARN]: File minecraft:sounds/mob/wolf/armor_equip2.ogg does not exist, cannot add it to event minecraft:entity.wolf.armor_equip
[03:35:47] [Worker-Main-7/WARN]: File minecraft:sounds/mob/wolf/armor_unequip1.ogg does not exist, cannot add it to event minecraft:entity.wolf.armor_unequip
[03:35:47] [Worker-Main-7/WARN]: File minecraft:sounds/mob/wolf/armor_unequip2.ogg does not exist, cannot add it to event minecraft:entity.wolf.armor_unequip
[03:35:48] [Render thread/WARN]: Missing sound for event: minecraft:item.goat_horn.play
[03:35:48] [Render thread/WARN]: Missing sound for event: minecraft:entity.goat.screaming.horn_break
[03:35:53] [Render thread/INFO]: OpenAL initialized on device Scarlett 2i2 USB
[03:35:53] [Render thread/INFO]: Sound engine started
[03:35:53] [Render thread/INFO]: Created: 1024x512x4 minecraft:textures/atlas/blocks.png-atlas
[03:35:53] [Render thread/INFO]: Created: 256x256x4 minecraft:textures/atlas/signs.png-atlas
[03:35:53] [Render thread/INFO]: Created: 512x512x4 minecraft:textures/atlas/banner_patterns.png-atlas
[03:35:53] [Render thread/INFO]: Created: 512x512x4 minecraft:textures/atlas/shield_patterns.png-atlas
[03:35:53] [Render thread/INFO]: Created: 1024x1024x4 minecraft:textures/atlas/armor_trims.png-atlas
[03:35:53] [Render thread/INFO]: Created: 256x256x4 minecraft:textures/atlas/chest.png-atlas
[03:35:53] [Render thread/INFO]: Created: 128x64x4 minecraft:textures/atlas/decorated_pot.png-atlas
[03:35:53] [Render thread/INFO]: Created: 512x256x4 minecraft:textures/atlas/beds.png-atlas
[03:35:53] [Render thread/INFO]: Created: 512x256x4 minecraft:textures/atlas/shulker_boxes.png-atlas
[03:35:53] [Render thread/WARN]: Shader rendertype_entity_translucent_emissive could not find sampler named Sampler2 in the specified shader program.
[03:35:53] [Render thread/INFO]: Created: 512x256x0 minecraft:textures/atlas/particles.png-atlas
[03:35:53] [Render thread/INFO]: Created: 256x256x0 minecraft:textures/atlas/paintings.png-atlas
[03:35:53] [Render thread/INFO]: Created: 128x128x0 minecraft:textures/atlas/mob_effects.png-atlas
[03:35:53] [Render thread/INFO]: Created: 1024x512x0 minecraft:textures/atlas/gui.png-atlas
[03:36:03] [Render thread/INFO]: Connecting to 192.168.15.14, 63137
[03:36:06] [Render thread/INFO]: Loaded 2 advancements
[03:36:51] [Render thread/INFO]: Stopping!
